<?xml version="1.0" encoding="UTF-8"?>
<!-- Generated by org.testng.reporters.JUnitXMLReporter -->
<testsuite ignored="0" hostname="DESKTOP-5MGNPN8" failures="1" tests="2" name="ErrorValidate TestCase" time="42.547" errors="0" timestamp="2024-01-31T15:15:33 IST">
  <testcase classname="NewTest.ErrorValidation" name="LoginValidation" time="2.013">
    <failure type="java.lang.AssertionError" message="expected [Incorrect email or password.] but found [Incorrect email password.]">
      <![CDATA[java.lang.AssertionError: expected [Incorrect email or password.] but found [Incorrect email password.]
at NewTest.ErrorValidation.LoginValidation(ErrorValidation.java:20)
at java.base/java.util.ArrayList.forEach(ArrayList.java:1511)
at java.base/java.util.concurrent.FutureTask.run(FutureTask.java:264)
at java.base/java.util.concurrent.ThreadPoolExecutor.runWorker(ThreadPoolExecutor.java:1136)
at java.base/java.util.concurrent.ThreadPoolExecutor$Worker.run(ThreadPoolExecutor.java:635)
at java.base/java.lang.Thread.run(Thread.java:840)
... Removed 24 stack frames]]>
    </failure>
  </testcase> <!-- LoginValidation -->
  <testcase classname="NewTest.ErrorValidation" name="ProductValidation" time="7.901"/>
</testsuite> <!-- ErrorValidate TestCase -->
