<?xml version="1.0" encoding="UTF-8"?>
<!-- Generated by org.testng.reporters.JUnitXMLReporter -->
<testsuite ignored="2" hostname="DESKTOP-5MGNPN8" failures="0" tests="0" time="0.024" errors="0" timestamp="2024-02-09T11:26:36 IST">
  <testcase classname="NewTest.ErrorValidation" name="ProductValidation" time="0.0">
    <ignored/>
  </testcase> <!-- ProductValidation -->
  <testcase classname="NewTest.ErrorValidation" name="LoginValidation" time="0.0">
    <ignored/>
  </testcase> <!-- LoginValidation -->
</testsuite>
