<?xml version="1.0" encoding="UTF-8"?>
<!-- Generated by org.testng.reporters.JUnitXMLReporter -->
<testsuite ignored="1" hostname="DESKTOP-5MGNPN8" failures="0" tests="2" name="SubmitOrder TestCase" time="42.647" errors="0" timestamp="2024-02-09T11:27:18 IST">
  <testcase classname="NewTest.SupportTestCase" name="SubmitOrder" time="8.375"/>
  <testcase classname="NewTest.SupportTestCase" name="SubmitOrder" time="8.632"/>
  <testcase classname="NewTest.SupportTestCase" name="ProductValidationOnOrderPage" time="0.0">
    <ignored/>
  </testcase> <!-- ProductValidationOnOrderPage -->
</testsuite> <!-- SubmitOrder TestCase -->
